Base path: C:/Program Files (x86)/Unity/Editor/Data
Pipe name: \\.\pipe\UnityShaderCompiler-1-4704
Cmd: getPlatforms
Cmd: preprocess
  insize=9697 outsize=3847 ok=1
Cmd: compileSnippet
  api=1 type=0 insize=11204 outsize=3789 kw=DIRECTIONAL SHADOWS_OFF LIGHTMAP_OFF DIRLIGHTMAP_OFF ok=1
Cmd: compileSnippet
  api=1 type=1 insize=11204 outsize=3283 kw=DIRECTIONAL SHADOWS_OFF LIGHTMAP_OFF DIRLIGHTMAP_OFF ok=1
Cmd: compileSnippet
  api=1 type=0 insize=9149 outsize=3620 kw=POINT ok=1
Cmd: compileSnippet
  api=1 type=1 insize=9149 outsize=3411 kw=POINT ok=1
Cmd: compileSnippet
  api=1 type=0 insize=8517 outsize=3363 kw= ok=1
Cmd: compileSnippet
  api=1 type=1 insize=8517 outsize=288 kw= ok=1
Cmd: compileSnippet
  api=1 type=0 insize=10858 outsize=3844 kw=LIGHTMAP_OFF DIRLIGHTMAP_OFF HDR_LIGHT_PREPASS_OFF ok=1
Cmd: compileSnippet
  api=1 type=1 insize=10858 outsize=3261 kw=LIGHTMAP_OFF DIRLIGHTMAP_OFF HDR_LIGHT_PREPASS_OFF ok=1
Cmd: compileSnippet
  api=1 type=0 insize=9149 outsize=3476 kw=DIRECTIONAL ok=1
Cmd: compileSnippet
  api=1 type=1 insize=9149 outsize=3274 kw=DIRECTIONAL ok=1
Cmd: compileSnippet
  api=1 type=0 insize=9149 outsize=3638 kw=SPOT ok=1
Cmd: compileSnippet
  api=1 type=1 insize=9149 outsize=3554 kw=SPOT ok=1
Cmd: compileSnippet
  api=0 type=0 insize=11204 outsize=14589 kw=DIRECTIONAL SHADOWS_OFF LIGHTMAP_OFF DIRLIGHTMAP_OFF ok=1
Cmd: compileSnippet
  api=4 type=0 insize=11204 outsize=11252 kw=DIRECTIONAL SHADOWS_SCREEN LIGHTMAP_OFF DIRLIGHTMAP_OFF ok=1
Cmd: compileSnippet
  api=0 type=0 insize=11204 outsize=16013 kw=DIRECTIONAL SHADOWS_SCREEN LIGHTMAP_OFF DIRLIGHTMAP_OFF VERTEXLIGHT_ON ok=1
Cmd: compileSnippet
  api=4 type=1 insize=11204 outsize=9415 kw=DIRECTIONAL SHADOWS_OFF LIGHTMAP_OFF DIRLIGHTMAP_OFF ok=1
Cmd: compileSnippet
  api=4 type=0 insize=9149 outsize=11105 kw=POINT ok=1
Cmd: compileSnippet
  api=4 type=0 insize=9149 outsize=10772 kw=DIRECTIONAL_COOKIE ok=1
Cmd: compileSnippet
  api=4 type=1 insize=9149 outsize=9716 kw=POINT ok=1
Cmd: compileSnippet
  api=0 type=1 insize=8517 outsize=6 kw= ok=1
Cmd: compileSnippet
  api=4 type=0 insize=10858 outsize=11138 kw=LIGHTMAP_OFF DIRLIGHTMAP_OFF HDR_LIGHT_PREPASS_OFF ok=1
Cmd: compileSnippet
  api=4 type=0 insize=10858 outsize=11162 kw=LIGHTMAP_ON DIRLIGHTMAP_OFF HDR_LIGHT_PREPASS_ON ok=1
Cmd: compileSnippet
  api=4 type=1 insize=10858 outsize=9562 kw=LIGHTMAP_ON DIRLIGHTMAP_ON HDR_LIGHT_PREPASS_OFF ok=1
Cmd: compileSnippet
  error: 2 plat 4 at (90): 'vert': output parameter 'o' not completely initialized
  error: 1 plat 4 at (114): 'texCUBE': implicit truncation of vector type
  error: 1 plat 4 at (121): implicit truncation of vector type
  error: 1 plat 4 at (122): implicit truncation of vector type
  error: 1 plat 4 at (123): implicit truncation of vector type
  error: 1 plat 4 at (124): implicit truncation of vector type
  api=4 type=0 insize=7446 outsize=0 kw=DIRECTIONAL SHADOWS_SCREEN LIGHTMAP_ON DIRLIGHTMAP_OFF ok=0
Cmd: compileSnippet
  error: 2 plat 4 at (90): 'vert': output parameter 'o' not completely initialized
  error: 1 plat 4 at (114): 'texCUBE': implicit truncation of vector type
  error: 1 plat 4 at (121): implicit truncation of vector type
  error: 1 plat 4 at (122): implicit truncation of vector type
  error: 1 plat 4 at (123): implicit truncation of vector type
  error: 1 plat 4 at (124): implicit truncation of vector type
  api=4 type=0 insize=5195 outsize=0 kw=POINT_COOKIE ok=0
Cmd: compileSnippet
  error: 2 plat 4 at (90): 'vert': output parameter 'o' not completely initialized
  error: 1 plat 4 at (114): 'texCUBE': implicit truncation of vector type
  error: 1 plat 4 at (121): implicit truncation of vector type
  error: 1 plat 4 at (122): implicit truncation of vector type
  error: 1 plat 4 at (123): implicit truncation of vector type
  error: 1 plat 4 at (124): implicit truncation of vector type
  api=4 type=0 insize=4879 outsize=0 kw= ok=0
Cmd: compileSnippet
  error: 2 plat 8 at (90): 'vert': output parameter 'o' not completely initialized
  error: 1 plat 8 at (114): 'texCUBE': implicit truncation of vector type
  error: 1 plat 8 at (121): implicit truncation of vector type
  error: 1 plat 8 at (122): implicit truncation of vector type
  error: 1 plat 8 at (123): implicit truncation of vector type
  error: 1 plat 8 at (124): implicit truncation of vector type
  api=8 type=0 insize=6737 outsize=0 kw=LIGHTMAP_ON DIRLIGHTMAP_OFF HDR_LIGHT_PREPASS_ON ok=0
Cmd: compileSnippet
  error: 2 plat 8 at (88): 'vert': output parameter 'o' not completely initialized
  error: 1 plat 8 at (131): implicit truncation of vector type
  api=8 type=0 insize=7451 outsize=0 kw=DIRECTIONAL SHADOWS_SCREEN LIGHTMAP_ON DIRLIGHTMAP_OFF ok=0
Cmd: compileSnippet
  error: 2 plat 4 at (88): 'vert': output parameter 'o' not completely initialized
  error: 1 plat 4 at (131): implicit truncation of vector type
  api=4 type=0 insize=5090 outsize=0 kw=SPOT ok=0
Cmd: compileSnippet
  error: 2 plat 8 at (88): 'vert': output parameter 'o' not completely initialized
  error: 1 plat 8 at (131): implicit truncation of vector type
  api=8 type=0 insize=6914 outsize=0 kw=LIGHTMAP_ON DIRLIGHTMAP_OFF HDR_LIGHT_PREPASS_ON ok=0
Cmd: compileSnippet
  error: 2 plat 8 at (90): 'vert': output parameter 'o' not completely initialized
  error: 1 plat 8 at (114): 'texCUBE': implicit truncation of vector type
  error: 1 plat 8 at (121): implicit truncation of vector type
  error: 1 plat 8 at (122): implicit truncation of vector type
  error: 1 plat 8 at (123): implicit truncation of vector type
  error: 1 plat 8 at (124): implicit truncation of vector type
  api=8 type=0 insize=7446 outsize=0 kw=DIRECTIONAL SHADOWS_SCREEN LIGHTMAP_ON DIRLIGHTMAP_OFF ok=0
Cmd: compileSnippet
  error: 2 plat 4 at (90): 'vert': output parameter 'o' not completely initialized
  error: 1 plat 4 at (114): 'texCUBE': implicit truncation of vector type
  error: 1 plat 4 at (121): implicit truncation of vector type
  error: 1 plat 4 at (122): implicit truncation of vector type
  error: 1 plat 4 at (123): implicit truncation of vector type
  error: 1 plat 4 at (124): implicit truncation of vector type
  api=4 type=0 insize=5195 outsize=0 kw=SPOT ok=0
Cmd: compileSnippet
  error: 2 plat 8 at (90): 'vert': output parameter 'o' not completely initialized
  error: 1 plat 8 at (114): 'texCUBE': implicit truncation of vector type
  error: 1 plat 8 at (121): implicit truncation of vector type
  error: 1 plat 8 at (122): implicit truncation of vector type
  error: 1 plat 8 at (123): implicit truncation of vector type
  error: 1 plat 8 at (124): implicit truncation of vector type
  api=8 type=0 insize=6737 outsize=0 kw=LIGHTMAP_OFF DIRLIGHTMAP_OFF HDR_LIGHT_PREPASS_ON ok=0
