Base path: C:/Program Files (x86)/Unity/Editor/Data
Pipe name: \\.\pipe\UnityShaderCompiler-6-6780
Cmd: getPlatforms
Cmd: compileSnippet
  api=0 type=1 insize=2380 outsize=1069 kw= ok=1
Cmd: compileSnippet
  api=1 type=0 insize=4281 outsize=190 kw=DIRECTIONAL SHADOWS_OFF LIGHTMAP_ON DIRLIGHTMAP_OFF ok=1
Cmd: compileSnippet
  api=8 type=0 insize=4281 outsize=4380 kw=DIRECTIONAL SHADOWS_SCREEN LIGHTMAP_OFF DIRLIGHTMAP_OFF ok=1
Cmd: compileSnippet
  api=1 type=0 insize=4281 outsize=319 kw=DIRECTIONAL SHADOWS_SCREEN LIGHTMAP_ON DIRLIGHTMAP_ON ok=1
Cmd: compileSnippet
  api=1 type=0 insize=4281 outsize=1281 kw=DIRECTIONAL SHADOWS_SCREEN LIGHTMAP_OFF DIRLIGHTMAP_OFF VERTEXLIGHT_ON ok=1
Cmd: compileSnippet
  api=8 type=1 insize=4281 outsize=1950 kw=DIRECTIONAL SHADOWS_OFF LIGHTMAP_OFF DIRLIGHTMAP_OFF ok=1
Cmd: compileSnippet
  api=4 type=1 insize=4281 outsize=1567 kw=DIRECTIONAL SHADOWS_SCREEN LIGHTMAP_OFF DIRLIGHTMAP_OFF ok=1
Cmd: compileSnippet
  api=8 type=1 insize=4281 outsize=2511 kw=DIRECTIONAL SHADOWS_SCREEN LIGHTMAP_ON DIRLIGHTMAP_OFF ok=1
Cmd: compileSnippet
  api=0 type=0 insize=2257 outsize=560 kw=DIRECTIONAL ok=1
Cmd: compileSnippet
  api=4 type=0 insize=2257 outsize=2875 kw=POINT_COOKIE ok=1
Cmd: compileSnippet
  api=4 type=0 insize=2257 outsize=2542 kw=DIRECTIONAL_COOKIE ok=1
Cmd: compileSnippet
  api=8 type=1 insize=2257 outsize=1820 kw=DIRECTIONAL ok=1
Cmd: compileSnippet
  api=8 type=1 insize=2257 outsize=2698 kw=POINT_COOKIE ok=1
Cmd: compileSnippet
  api=4 type=0 insize=1785 outsize=1477 kw= ok=1
Cmd: compileSnippet
  api=0 type=0 insize=3998 outsize=905 kw=LIGHTMAP_OFF DIRLIGHTMAP_OFF HDR_LIGHT_PREPASS_OFF ok=1
Cmd: compileSnippet
  api=0 type=0 insize=3998 outsize=905 kw=LIGHTMAP_OFF DIRLIGHTMAP_OFF HDR_LIGHT_PREPASS_ON ok=1
Cmd: compileSnippet
  api=8 type=0 insize=3998 outsize=4177 kw=LIGHTMAP_ON DIRLIGHTMAP_OFF HDR_LIGHT_PREPASS_ON ok=1
Cmd: compileSnippet
  api=1 type=1 insize=3998 outsize=528 kw=LIGHTMAP_ON DIRLIGHTMAP_OFF HDR_LIGHT_PREPASS_OFF ok=1
Cmd: compileSnippet
  error: 2 plat 8 at (90): 'vert': output parameter 'o' not completely initialized
  error: 1 plat 8 at (114): 'texCUBE': implicit truncation of vector type
  error: 1 plat 8 at (121): implicit truncation of vector type
  error: 1 plat 8 at (122): implicit truncation of vector type
  error: 1 plat 8 at (123): implicit truncation of vector type
  error: 1 plat 8 at (124): implicit truncation of vector type
  api=8 type=0 insize=7446 outsize=0 kw=DIRECTIONAL SHADOWS_OFF LIGHTMAP_OFF DIRLIGHTMAP_OFF ok=0
Cmd: compileSnippet
  api=1 type=0 insize=7446 outsize=1441 kw=DIRECTIONAL SHADOWS_SCREEN LIGHTMAP_OFF DIRLIGHTMAP_OFF ok=1
Cmd: compileSnippet
  api=0 type=0 insize=7446 outsize=2679 kw=DIRECTIONAL SHADOWS_SCREEN LIGHTMAP_OFF DIRLIGHTMAP_OFF VERTEXLIGHT_ON ok=1
Cmd: compileSnippet
  api=8 type=1 insize=7446 outsize=5054 kw=DIRECTIONAL SHADOWS_OFF LIGHTMAP_OFF DIRLIGHTMAP_OFF ok=1
Cmd: compileSnippet
  api=0 type=0 insize=5195 outsize=1815 kw=POINT ok=1
Cmd: compileSnippet
  api=0 type=0 insize=5195 outsize=1815 kw=POINT_COOKIE ok=1
Cmd: compileSnippet
  api=4 type=1 insize=5195 outsize=3167 kw=DIRECTIONAL ok=1
Cmd: compileSnippet
  api=8 type=1 insize=5195 outsize=6216 kw=SPOT ok=1
Cmd: compileSnippet
  error: 2 plat 4 at (90): 'vert': output parameter 'o' not completely initialized
  error: 1 plat 4 at (114): 'texCUBE': implicit truncation of vector type
  error: 1 plat 4 at (121): implicit truncation of vector type
  error: 1 plat 4 at (122): implicit truncation of vector type
  error: 1 plat 4 at (123): implicit truncation of vector type
  error: 1 plat 4 at (124): implicit truncation of vector type
  api=4 type=0 insize=6737 outsize=0 kw=LIGHTMAP_OFF DIRLIGHTMAP_OFF HDR_LIGHT_PREPASS_OFF ok=0
Cmd: compileSnippet
  error: 2 plat 4 at (90): 'vert': output parameter 'o' not completely initialized
  error: 1 plat 4 at (114): 'texCUBE': implicit truncation of vector type
  error: 1 plat 4 at (121): implicit truncation of vector type
  error: 1 plat 4 at (122): implicit truncation of vector type
  error: 1 plat 4 at (123): implicit truncation of vector type
  error: 1 plat 4 at (124): implicit truncation of vector type
  api=4 type=0 insize=6737 outsize=0 kw=LIGHTMAP_OFF DIRLIGHTMAP_OFF HDR_LIGHT_PREPASS_ON ok=0
Cmd: compileSnippet
  api=4 type=1 insize=6737 outsize=1778 kw=LIGHTMAP_OFF DIRLIGHTMAP_OFF HDR_LIGHT_PREPASS_OFF ok=1
Cmd: compileSnippet
  api=0 type=1 insize=6737 outsize=851 kw=LIGHTMAP_ON DIRLIGHTMAP_OFF HDR_LIGHT_PREPASS_ON ok=1
Cmd: compileSnippet
  api=4 type=0 insize=952 outsize=1274 kw= ok=1
Cmd: compileSnippet
  api=8 type=1 insize=952 outsize=1138 kw= ok=1
Cmd: compileSnippet
  api=8 type=0 insize=691 outsize=1170 kw= ok=1
Unhandled exception: Readfile from pipe failed. GLE=The pipe has been ended.


Quitting shader compiler process
